<?xml version="1.0" encoding="UTF-8"?>
<!-- Generated by org.testng.reporters.JUnitReportReporter -->
<testsuite hostname="DESKTOP-BIQMH6D" failures="0" tests="4" name="testcases.TestCase1" time="0.017" errors="0" timestamp="2021-05-26T23:09:04 IST" skipped="0">
  <testcase classname="testcases.TestCase1" name="doUserReg" time="0.003"/>
  <system-out/>
  <testcase classname="testcases.TestCase1" name="doUserReg" time="0.007"/>
  <system-out/>
  <testcase classname="testcases.TestCase1" name="doLogin" time="0.004"/>
  <system-out/>
  <testcase classname="testcases.TestCase1" name="doLogin" time="0.003"/>
  <system-out/>
</testsuite> <!-- testcases.TestCase1 -->
